<?xml version="1.0" encoding="UTF-8"?>
<!-- Generated by org.testng.reporters.JUnitXMLReporter -->
<testsuite ignored="0" hostname="LAPTOP-NHN3ETP0" failures="1" tests="1" name="Test1" time="0.076" errors="0" timestamp="2023-06-20T23:04:53 IST">
  <testcase classname="day5.ParallelBrowser" name="doLogin" time="0.0">
    <failure type="org.testng.TestNGException" message="
Parameter &amp;apos;browser&amp;apos; is required by @Test on method doLogin but has not been marked @Optional or defined
in C:\Users\Abhinav\eclipse-workspace\Selenium1\ParallelTest.xml">
      <![CDATA[org.testng.TestNGException: 
Parameter 'browser' is required by @Test on method doLogin but has not been marked @Optional or defined
in C:\Users\Abhinav\eclipse-workspace\Selenium1\ParallelTest.xml
at java.base/java.util.ArrayList.forEach(ArrayList.java:1511)
at java.base/java.util.concurrent.FutureTask.run(FutureTask.java:264)
at java.base/java.util.concurrent.ThreadPoolExecutor.runWorker(ThreadPoolExecutor.java:1136)
at java.base/java.util.concurrent.ThreadPoolExecutor$Worker.run(ThreadPoolExecutor.java:635)
at java.base/java.lang.Thread.run(Thread.java:833)
... Removed 17 stack frames]]>
    </failure>
  </testcase> <!-- doLogin -->
</testsuite> <!-- Test1 -->
